[2026-05-20T14:04:12.347Z] [WARN] [User: id:6a0d895764636b6a740a17b8] [Action: Đánh giá Quẻ Dịch] [IP: ::1] [Duration: 123ms] Cảnh báo: Yêu cầu không hợp lệ hoặc bị từ chối (404)
[2026-05-20T14:04:20.464Z] [WARN] [User: id:6a0d895764636b6a740a17b8] [Action: Đánh giá Quẻ Dịch] [IP: ::1] [Duration: 116ms] Cảnh báo: Yêu cầu không hợp lệ hoặc bị từ chối (404)
[2026-05-20T14:04:54.203Z] [WARN] [User: id:6a0d895764636b6a740a17b8] [Action: Đánh giá Lá Số Bát Tự] [IP: ::1] [Duration: 116ms] Cảnh báo: Yêu cầu không hợp lệ hoặc bị từ chối (404)
[2026-05-20T14:23:29.228Z] [WARN] [User: id:6a0d895764636b6a740a17b8] [Action: Đánh giá Quẻ Dịch] [IP: ::1] [Duration: 116ms] Cảnh báo: Yêu cầu không hợp lệ hoặc bị từ chối (404)
[2026-05-20T14:23:54.879Z] [WARN] [User: id:6a0d895764636b6a740a17b8] [Action: Đánh giá Quẻ Dịch] [IP: ::1] [Duration: 127ms] Cảnh báo: Yêu cầu không hợp lệ hoặc bị từ chối (404)
[2026-05-22T13:27:43.954Z] [WARN] [User: id:6a0d895764636b6a740a17b8] [Action: POST /api/history/hexagrams/019e4fd9-5c1f-70d0-96f1-74efc49c4f67/chat] [IP: ::1] [Duration: 59ms] Cảnh báo: Yêu cầu không hợp lệ hoặc bị từ chối (400)
[2026-05-22T13:27:58.507Z] [WARN] [User: id:6a0d895764636b6a740a17b8] [Action: POST /api/history/hexagrams/019e4fd9-5c1f-70d0-96f1-74efc49c4f67/chat] [IP: ::1] [Duration: 58ms] Cảnh báo: Yêu cầu không hợp lệ hoặc bị từ chối (400)
[2026-05-22T13:33:03.263Z] [WARN] [User: id:6a0d895764636b6a740a17b8] [Action: POST /api/history/bazi/019e4ab1-52e4-7ad1-9294-ecdebb33c869/chat] [IP: ::1] [Duration: 57ms] Cảnh báo: Yêu cầu không hợp lệ hoặc bị từ chối (400)
[2026-05-22T13:33:19.685Z] [WARN] [User: id:6a0d895764636b6a740a17b8] [Action: POST /api/history/bazi/019e4ab1-52e4-7ad1-9294-ecdebb33c869/chat] [IP: ::1] [Duration: 57ms] Cảnh báo: Yêu cầu không hợp lệ hoặc bị từ chối (400)
[2026-05-22T13:33:48.659Z] [WARN] [User: id:6a0d895764636b6a740a17b8] [Action: POST /api/history/bazi/019e4ab1-52e4-7ad1-9294-ecdebb33c869/chat] [IP: ::1] [Duration: 55ms] Cảnh báo: Yêu cầu không hợp lệ hoặc bị từ chối (400)
[2026-05-22T13:34:04.351Z] [WARN] [User: id:6a0d895764636b6a740a17b8] [Action: POST /api/history/bazi/019e4ab1-52e4-7ad1-9294-ecdebb33c869/chat] [IP: ::1] [Duration: 58ms] Cảnh báo: Yêu cầu không hợp lệ hoặc bị từ chối (400)
[2026-05-22T14:57:12.340Z] [WARN] [User: id:6a0301029382bedb4d61632b] [Action: Xem Lịch Sử Kinh Dịch] [IP: ::1] [Duration: 64ms] Cảnh báo: Yêu cầu không hợp lệ hoặc bị từ chối (404)
[2026-05-22T14:58:53.600Z] [WARN] [User: id:6a0301029382bedb4d61632b] [Action: Xem Lịch Sử Kinh Dịch] [IP: ::1] [Duration: 63ms] Cảnh báo: Yêu cầu không hợp lệ hoặc bị từ chối (404)
[2026-05-22T14:59:17.045Z] [WARN] [User: id:6a0d895764636b6a740a17b8] [Action: Xem Lịch Sử Bát Tự] [IP: ::1] [Duration: 62ms] Cảnh báo: Yêu cầu không hợp lệ hoặc bị từ chối (404)
[2026-05-23T10:14:06.889Z] [ERROR] [User: id:6a0d895764636b6a740a17b8] [Action: Xem Lịch Sử Kinh Dịch] [IP: ::1] [Duration: 60053ms] Thất bại: Phản hồi lỗi hệ thống (500)
[2026-05-23T10:14:06.900Z] [ERROR] [User: id:6a0d895764636b6a740a17b8] [Action: Xem Lịch Sử Bát Tự] [IP: ::1] [Duration: 60047ms] Thất bại: Phản hồi lỗi hệ thống (500)
[2026-05-23T10:14:06.935Z] [ERROR] [User: id:6a0d895764636b6a740a17b8] [Action: GET /api/tu-vi/history/6a0d895764636b6a740a17b8] [IP: ::1] [Duration: 60072ms] Thất bại: Phản hồi lỗi hệ thống (500)
[2026-05-23T10:14:26.892Z] [ERROR] [User: id:6a0d895764636b6a740a17b8] [Action: Xem Lịch Sử Kinh Dịch] [IP: ::1] [Duration: 60026ms] Thất bại: Phản hồi lỗi hệ thống (500)
[2026-05-23T10:14:26.919Z] [ERROR] [User: id:6a0d895764636b6a740a17b8] [Action: Xem Lịch Sử Bát Tự] [IP: ::1] [Duration: 60048ms] Thất bại: Phản hồi lỗi hệ thống (500)
[2026-05-23T10:14:26.957Z] [ERROR] [User: id:6a0d895764636b6a740a17b8] [Action: GET /api/tu-vi/history/6a0d895764636b6a740a17b8] [IP: ::1] [Duration: 60076ms] Thất bại: Phản hồi lỗi hệ thống (500)
[2026-05-23T16:12:34.392Z] [WARN] [User: id:6a0d895764636b6a740a17b8] [Action: Xem Lịch Sử Bát Tự] [IP: ::1] [Duration: 93ms] Cảnh báo: Yêu cầu không hợp lệ hoặc bị từ chối (404)
[2026-05-23T16:12:34.455Z] [WARN] [User: id:6a0d895764636b6a740a17b8] [Action: Xem Lịch Sử Bát Tự] [IP: ::1] [Duration: 61ms] Cảnh báo: Yêu cầu không hợp lệ hoặc bị từ chối (404)
[2026-05-23T16:12:45.774Z] [WARN] [User: id:6a0d895764636b6a740a17b8] [Action: Xem Lịch Sử Bát Tự] [IP: ::1] [Duration: 79ms] Cảnh báo: Yêu cầu không hợp lệ hoặc bị từ chối (404)
[2026-05-23T16:12:45.853Z] [WARN] [User: id:6a0d895764636b6a740a17b8] [Action: Xem Lịch Sử Bát Tự] [IP: ::1] [Duration: 76ms] Cảnh báo: Yêu cầu không hợp lệ hoặc bị từ chối (404)
[2026-05-23T16:13:00.914Z] [WARN] [User: id:6a0d895764636b6a740a17b8] [Action: Xem Lịch Sử Kinh Dịch] [IP: ::1] [Duration: 60ms] Cảnh báo: Yêu cầu không hợp lệ hoặc bị từ chối (404)
[2026-05-23T16:13:00.978Z] [WARN] [User: id:6a0d895764636b6a740a17b8] [Action: Xem Lịch Sử Kinh Dịch] [IP: ::1] [Duration: 62ms] Cảnh báo: Yêu cầu không hợp lệ hoặc bị từ chối (404)
[2026-05-23T16:13:06.512Z] [WARN] [User: id:6a0d895764636b6a740a17b8] [Action: Xem Lịch Sử Bát Tự] [IP: ::1] [Duration: 72ms] Cảnh báo: Yêu cầu không hợp lệ hoặc bị từ chối (404)
[2026-05-23T16:13:06.576Z] [WARN] [User: id:6a0d895764636b6a740a17b8] [Action: Xem Lịch Sử Bát Tự] [IP: ::1] [Duration: 61ms] Cảnh báo: Yêu cầu không hợp lệ hoặc bị từ chối (404)
[2026-05-23T16:13:22.698Z] [WARN] [User: id:6a0d895764636b6a740a17b8] [Action: Xem Lịch Sử Kinh Dịch] [IP: ::1] [Duration: 83ms] Cảnh báo: Yêu cầu không hợp lệ hoặc bị từ chối (404)
[2026-05-23T16:13:22.762Z] [WARN] [User: id:6a0d895764636b6a740a17b8] [Action: Xem Lịch Sử Kinh Dịch] [IP: ::1] [Duration: 62ms] Cảnh báo: Yêu cầu không hợp lệ hoặc bị từ chối (404)
[2026-05-23T16:13:28.960Z] [WARN] [User: id:6a0d895764636b6a740a17b8] [Action: Xem Lịch Sử Bát Tự] [IP: ::1] [Duration: 65ms] Cảnh báo: Yêu cầu không hợp lệ hoặc bị từ chối (404)
[2026-05-23T16:13:29.023Z] [WARN] [User: id:6a0d895764636b6a740a17b8] [Action: Xem Lịch Sử Bát Tự] [IP: ::1] [Duration: 60ms] Cảnh báo: Yêu cầu không hợp lệ hoặc bị từ chối (404)
[2026-05-23T16:13:32.675Z] [WARN] [User: id:6a0d895764636b6a740a17b8] [Action: Xem Lịch Sử Kinh Dịch] [IP: ::1] [Duration: 64ms] Cảnh báo: Yêu cầu không hợp lệ hoặc bị từ chối (404)
[2026-05-23T16:13:32.742Z] [WARN] [User: id:6a0d895764636b6a740a17b8] [Action: Xem Lịch Sử Kinh Dịch] [IP: ::1] [Duration: 64ms] Cảnh báo: Yêu cầu không hợp lệ hoặc bị từ chối (404)
[2026-05-23T16:14:13.964Z] [WARN] [User: id:6a0d895764636b6a740a17b8] [Action: Xem Lịch Sử Kinh Dịch] [IP: ::1] [Duration: 75ms] Cảnh báo: Yêu cầu không hợp lệ hoặc bị từ chối (404)
[2026-05-23T16:14:14.030Z] [WARN] [User: id:6a0d895764636b6a740a17b8] [Action: Xem Lịch Sử Kinh Dịch] [IP: ::1] [Duration: 63ms] Cảnh báo: Yêu cầu không hợp lệ hoặc bị từ chối (404)
[2026-05-23T16:14:18.358Z] [WARN] [User: id:6a0d895764636b6a740a17b8] [Action: Xem Lịch Sử Bát Tự] [IP: ::1] [Duration: 65ms] Cảnh báo: Yêu cầu không hợp lệ hoặc bị từ chối (404)
[2026-05-23T16:14:18.420Z] [WARN] [User: id:6a0d895764636b6a740a17b8] [Action: Xem Lịch Sử Bát Tự] [IP: ::1] [Duration: 58ms] Cảnh báo: Yêu cầu không hợp lệ hoặc bị từ chối (404)
[2026-05-23T16:14:33.577Z] [WARN] [User: id:6a0d895764636b6a740a17b8] [Action: Xem Lịch Sử Bát Tự] [IP: ::1] [Duration: 62ms] Cảnh báo: Yêu cầu không hợp lệ hoặc bị từ chối (404)
[2026-05-23T16:14:33.646Z] [WARN] [User: id:6a0d895764636b6a740a17b8] [Action: Xem Lịch Sử Bát Tự] [IP: ::1] [Duration: 66ms] Cảnh báo: Yêu cầu không hợp lệ hoặc bị từ chối (404)
[2026-05-23T16:14:45.860Z] [WARN] [User: id:6a0d895764636b6a740a17b8] [Action: Xem Lịch Sử Kinh Dịch] [IP: ::1] [Duration: 81ms] Cảnh báo: Yêu cầu không hợp lệ hoặc bị từ chối (404)
[2026-05-23T16:14:45.923Z] [WARN] [User: id:6a0d895764636b6a740a17b8] [Action: Xem Lịch Sử Kinh Dịch] [IP: ::1] [Duration: 60ms] Cảnh báo: Yêu cầu không hợp lệ hoặc bị từ chối (404)
[2026-05-23T16:14:50.174Z] [WARN] [User: id:6a0d895764636b6a740a17b8] [Action: Xem Lịch Sử Bát Tự] [IP: ::1] [Duration: 66ms] Cảnh báo: Yêu cầu không hợp lệ hoặc bị từ chối (404)
[2026-05-23T16:14:50.243Z] [WARN] [User: id:6a0d895764636b6a740a17b8] [Action: Xem Lịch Sử Bát Tự] [IP: ::1] [Duration: 66ms] Cảnh báo: Yêu cầu không hợp lệ hoặc bị từ chối (404)
[2026-05-23T16:14:55.009Z] [WARN] [User: id:6a0d895764636b6a740a17b8] [Action: Thầy Luận Giải Bát Tự] [IP: ::1] [Duration: 130ms] Cảnh báo: Yêu cầu không hợp lệ hoặc bị từ chối (409)
[2026-05-23T16:15:43.675Z] [WARN] [User: id:6a0d895764636b6a740a17b8] [Action: Xem Lịch Sử Bát Tự] [IP: ::1] [Duration: 77ms] Cảnh báo: Yêu cầu không hợp lệ hoặc bị từ chối (404)
[2026-05-23T16:15:43.745Z] [WARN] [User: id:6a0d895764636b6a740a17b8] [Action: Xem Lịch Sử Bát Tự] [IP: ::1] [Duration: 68ms] Cảnh báo: Yêu cầu không hợp lệ hoặc bị từ chối (404)
[2026-05-23T16:15:50.505Z] [WARN] [User: id:6a0d895764636b6a740a17b8] [Action: Xem Lịch Sử Kinh Dịch] [IP: ::1] [Duration: 61ms] Cảnh báo: Yêu cầu không hợp lệ hoặc bị từ chối (404)
[2026-05-23T16:15:50.567Z] [WARN] [User: id:6a0d895764636b6a740a17b8] [Action: Xem Lịch Sử Kinh Dịch] [IP: ::1] [Duration: 60ms] Cảnh báo: Yêu cầu không hợp lệ hoặc bị từ chối (404)
[2026-05-23T16:15:51.892Z] [WARN] [User: id:6a0d895764636b6a740a17b8] [Action: Xem Lịch Sử Bát Tự] [IP: ::1] [Duration: 83ms] Cảnh báo: Yêu cầu không hợp lệ hoặc bị từ chối (404)
[2026-05-23T16:15:51.959Z] [WARN] [User: id:6a0d895764636b6a740a17b8] [Action: Xem Lịch Sử Bát Tự] [IP: ::1] [Duration: 63ms] Cảnh báo: Yêu cầu không hợp lệ hoặc bị từ chối (404)
[2026-05-23T16:15:56.918Z] [WARN] [User: id:6a0d895764636b6a740a17b8] [Action: Thầy Luận Giải Bát Tự] [IP: ::1] [Duration: 143ms] Cảnh báo: Yêu cầu không hợp lệ hoặc bị từ chối (409)
[2026-05-23T16:17:10.579Z] [WARN] [User: id:6a0d895764636b6a740a17b8] [Action: Xem Lịch Sử Kinh Dịch] [IP: ::1] [Duration: 60ms] Cảnh báo: Yêu cầu không hợp lệ hoặc bị từ chối (404)
[2026-05-23T16:17:10.645Z] [WARN] [User: id:6a0d895764636b6a740a17b8] [Action: Xem Lịch Sử Kinh Dịch] [IP: ::1] [Duration: 61ms] Cảnh báo: Yêu cầu không hợp lệ hoặc bị từ chối (404)
[2026-05-23T16:46:10.237Z] [WARN] [User: id:6a0d895764636b6a740a17b8] [Action: Thầy Luận Giải Bát Tự] [IP: ::1] [Duration: 129ms] Cảnh báo: Yêu cầu không hợp lệ hoặc bị từ chối (409)
[2026-05-24T03:53:16.060Z] [WARN] [User: id:6a0d895764636b6a740a17b8] [Action: Thầy Luận Giải Bát Tự] [IP: ::1] [Duration: 124ms] Cảnh báo: Yêu cầu không hợp lệ hoặc bị từ chối (409)
[2026-05-24T03:54:12.204Z] [WARN] [User: id:6a0d895764636b6a740a17b8] [Action: Thầy Luận Giải Bát Tự] [IP: ::1] [Duration: 122ms] Cảnh báo: Yêu cầu không hợp lệ hoặc bị từ chối (409)
[2026-05-24T03:55:39.613Z] [WARN] [User: id:6a0d895764636b6a740a17b8] [Action: Thầy Luận Giải Bát Tự] [IP: ::1] [Duration: 123ms] Cảnh báo: Yêu cầu không hợp lệ hoặc bị từ chối (409)
[2026-05-24T04:08:57.907Z] [WARN] [User: id:6a0d895764636b6a740a17b8] [Action: Xem Lịch Sử Bát Tự] [IP: ::1] [Duration: 61ms] Cảnh báo: Yêu cầu không hợp lệ hoặc bị từ chối (404)
[2026-05-24T04:08:57.968Z] [WARN] [User: id:6a0d895764636b6a740a17b8] [Action: Xem Lịch Sử Bát Tự] [IP: ::1] [Duration: 60ms] Cảnh báo: Yêu cầu không hợp lệ hoặc bị từ chối (404)
[2026-05-24T04:08:59.161Z] [WARN] [User: id:6a0d895764636b6a740a17b8] [Action: Xem Lịch Sử Bát Tự] [IP: ::1] [Duration: 59ms] Cảnh báo: Yêu cầu không hợp lệ hoặc bị từ chối (404)
[2026-05-24T04:08:59.221Z] [WARN] [User: id:6a0d895764636b6a740a17b8] [Action: Xem Lịch Sử Bát Tự] [IP: ::1] [Duration: 59ms] Cảnh báo: Yêu cầu không hợp lệ hoặc bị từ chối (404)
[2026-05-24T04:08:59.767Z] [WARN] [User: id:6a0d895764636b6a740a17b8] [Action: Xem Lịch Sử Bát Tự] [IP: ::1] [Duration: 60ms] Cảnh báo: Yêu cầu không hợp lệ hoặc bị từ chối (404)
[2026-05-24T04:08:59.825Z] [WARN] [User: id:6a0d895764636b6a740a17b8] [Action: Xem Lịch Sử Bát Tự] [IP: ::1] [Duration: 57ms] Cảnh báo: Yêu cầu không hợp lệ hoặc bị từ chối (404)
[2026-05-24T04:09:17.141Z] [WARN] [User: id:6a0d895764636b6a740a17b8] [Action: Xem Lịch Sử Bát Tự] [IP: ::1] [Duration: 58ms] Cảnh báo: Yêu cầu không hợp lệ hoặc bị từ chối (404)
[2026-05-24T04:09:17.205Z] [WARN] [User: id:6a0d895764636b6a740a17b8] [Action: Xem Lịch Sử Bát Tự] [IP: ::1] [Duration: 63ms] Cảnh báo: Yêu cầu không hợp lệ hoặc bị từ chối (404)
[2026-05-24T04:09:26.840Z] [WARN] [User: id:6a0d895764636b6a740a17b8] [Action: Xem Lịch Sử Bát Tự] [IP: ::1] [Duration: 62ms] Cảnh báo: Yêu cầu không hợp lệ hoặc bị từ chối (404)
[2026-05-24T04:09:26.907Z] [WARN] [User: id:6a0d895764636b6a740a17b8] [Action: Xem Lịch Sử Bát Tự] [IP: ::1] [Duration: 63ms] Cảnh báo: Yêu cầu không hợp lệ hoặc bị từ chối (404)
[2026-05-24T04:09:59.601Z] [WARN] [User: id:6a0d895764636b6a740a17b8] [Action: Xem Lịch Sử Bát Tự] [IP: ::1] [Duration: 59ms] Cảnh báo: Yêu cầu không hợp lệ hoặc bị từ chối (404)
[2026-05-24T04:09:59.663Z] [WARN] [User: id:6a0d895764636b6a740a17b8] [Action: Xem Lịch Sử Bát Tự] [IP: ::1] [Duration: 62ms] Cảnh báo: Yêu cầu không hợp lệ hoặc bị từ chối (404)
[2026-05-24T04:10:04.241Z] [WARN] [User: id:6a0d895764636b6a740a17b8] [Action: Xem Lịch Sử Bát Tự] [IP: ::1] [Duration: 61ms] Cảnh báo: Yêu cầu không hợp lệ hoặc bị từ chối (404)
[2026-05-24T04:10:04.304Z] [WARN] [User: id:6a0d895764636b6a740a17b8] [Action: Xem Lịch Sử Bát Tự] [IP: ::1] [Duration: 60ms] Cảnh báo: Yêu cầu không hợp lệ hoặc bị từ chối (404)
[2026-05-24T04:10:07.495Z] [WARN] [User: id:6a0d895764636b6a740a17b8] [Action: Thầy Luận Giải Bát Tự] [IP: ::1] [Duration: 121ms] Cảnh báo: Yêu cầu không hợp lệ hoặc bị từ chối (409)
[2026-05-24T04:11:37.335Z] [WARN] [User: id:6a0d895764636b6a740a17b8] [Action: Xem Lịch Sử Bát Tự] [IP: ::1] [Duration: 56ms] Cảnh báo: Yêu cầu không hợp lệ hoặc bị từ chối (404)
[2026-05-24T04:13:15.601Z] [WARN] [User: id:6a0d895764636b6a740a17b8] [Action: Xem Lịch Sử Bát Tự] [IP: ::1] [Duration: 61ms] Cảnh báo: Yêu cầu không hợp lệ hoặc bị từ chối (404)
[2026-05-24T04:13:15.661Z] [WARN] [User: id:6a0d895764636b6a740a17b8] [Action: Xem Lịch Sử Bát Tự] [IP: ::1] [Duration: 58ms] Cảnh báo: Yêu cầu không hợp lệ hoặc bị từ chối (404)
[2026-05-24T04:13:20.324Z] [WARN] [User: id:6a0d895764636b6a740a17b8] [Action: Xem Lịch Sử Bát Tự] [IP: ::1] [Duration: 71ms] Cảnh báo: Yêu cầu không hợp lệ hoặc bị từ chối (404)
[2026-05-24T04:13:20.385Z] [WARN] [User: id:6a0d895764636b6a740a17b8] [Action: Xem Lịch Sử Bát Tự] [IP: ::1] [Duration: 59ms] Cảnh báo: Yêu cầu không hợp lệ hoặc bị từ chối (404)
[2026-05-24T04:13:25.030Z] [WARN] [User: id:6a0d895764636b6a740a17b8] [Action: Xem Lịch Sử Bát Tự] [IP: ::1] [Duration: 62ms] Cảnh báo: Yêu cầu không hợp lệ hoặc bị từ chối (404)
[2026-05-24T04:13:25.097Z] [WARN] [User: id:6a0d895764636b6a740a17b8] [Action: Xem Lịch Sử Bát Tự] [IP: ::1] [Duration: 65ms] Cảnh báo: Yêu cầu không hợp lệ hoặc bị từ chối (404)
[2026-05-24T04:13:25.661Z] [WARN] [User: id:6a0d895764636b6a740a17b8] [Action: Xem Lịch Sử Bát Tự] [IP: ::1] [Duration: 62ms] Cảnh báo: Yêu cầu không hợp lệ hoặc bị từ chối (404)
[2026-05-24T04:13:25.843Z] [WARN] [User: id:6a0d895764636b6a740a17b8] [Action: Xem Lịch Sử Bát Tự] [IP: ::1] [Duration: 60ms] Cảnh báo: Yêu cầu không hợp lệ hoặc bị từ chối (404)
[2026-05-24T04:13:25.908Z] [WARN] [User: id:6a0d895764636b6a740a17b8] [Action: Xem Lịch Sử Bát Tự] [IP: ::1] [Duration: 62ms] Cảnh báo: Yêu cầu không hợp lệ hoặc bị từ chối (404)
[2026-05-24T04:13:26.041Z] [WARN] [User: id:6a0d895764636b6a740a17b8] [Action: Xem Lịch Sử Bát Tự] [IP: ::1] [Duration: 58ms] Cảnh báo: Yêu cầu không hợp lệ hoặc bị từ chối (404)
[2026-05-24T04:13:26.196Z] [WARN] [User: id:6a0d895764636b6a740a17b8] [Action: Xem Lịch Sử Bát Tự] [IP: ::1] [Duration: 58ms] Cảnh báo: Yêu cầu không hợp lệ hoặc bị từ chối (404)
[2026-05-24T04:13:26.256Z] [WARN] [User: id:6a0d895764636b6a740a17b8] [Action: Xem Lịch Sử Bát Tự] [IP: ::1] [Duration: 58ms] Cảnh báo: Yêu cầu không hợp lệ hoặc bị từ chối (404)
[2026-05-24T04:13:26.378Z] [WARN] [User: id:6a0d895764636b6a740a17b8] [Action: Xem Lịch Sử Bát Tự] [IP: ::1] [Duration: 61ms] Cảnh báo: Yêu cầu không hợp lệ hoặc bị từ chối (404)
[2026-05-24T04:13:26.528Z] [WARN] [User: id:6a0d895764636b6a740a17b8] [Action: Xem Lịch Sử Bát Tự] [IP: ::1] [Duration: 58ms] Cảnh báo: Yêu cầu không hợp lệ hoặc bị từ chối (404)
[2026-05-24T04:13:26.694Z] [WARN] [User: id:6a0d895764636b6a740a17b8] [Action: Xem Lịch Sử Bát Tự] [IP: ::1] [Duration: 61ms] Cảnh báo: Yêu cầu không hợp lệ hoặc bị từ chối (404)
[2026-05-24T04:13:26.863Z] [WARN] [User: id:6a0d895764636b6a740a17b8] [Action: Xem Lịch Sử Bát Tự] [IP: ::1] [Duration: 59ms] Cảnh báo: Yêu cầu không hợp lệ hoặc bị từ chối (404)
[2026-05-24T04:13:26.926Z] [WARN] [User: id:6a0d895764636b6a740a17b8] [Action: Xem Lịch Sử Bát Tự] [IP: ::1] [Duration: 61ms] Cảnh báo: Yêu cầu không hợp lệ hoặc bị từ chối (404)
[2026-05-24T04:13:28.134Z] [WARN] [User: id:6a0d895764636b6a740a17b8] [Action: Thầy Luận Giải Bát Tự] [IP: ::1] [Duration: 121ms] Cảnh báo: Yêu cầu không hợp lệ hoặc bị từ chối (409)
[2026-05-24T04:13:42.644Z] [WARN] [User: id:6a0d895764636b6a740a17b8] [Action: Xem Lịch Sử Bát Tự] [IP: ::1] [Duration: 61ms] Cảnh báo: Yêu cầu không hợp lệ hoặc bị từ chối (404)
[2026-05-24T04:13:42.708Z] [WARN] [User: id:6a0d895764636b6a740a17b8] [Action: Xem Lịch Sử Bát Tự] [IP: ::1] [Duration: 63ms] Cảnh báo: Yêu cầu không hợp lệ hoặc bị từ chối (404)
[2026-05-24T04:14:04.867Z] [WARN] [User: id:6a0d895764636b6a740a17b8] [Action: Xem Lịch Sử Kinh Dịch] [IP: ::1] [Duration: 59ms] Cảnh báo: Yêu cầu không hợp lệ hoặc bị từ chối (404)
[2026-05-24T04:14:04.931Z] [WARN] [User: id:6a0d895764636b6a740a17b8] [Action: Xem Lịch Sử Kinh Dịch] [IP: ::1] [Duration: 61ms] Cảnh báo: Yêu cầu không hợp lệ hoặc bị từ chối (404)
[2026-05-24T04:14:09.092Z] [WARN] [User: id:6a0d895764636b6a740a17b8] [Action: Xem Lịch Sử Bát Tự] [IP: ::1] [Duration: 62ms] Cảnh báo: Yêu cầu không hợp lệ hoặc bị từ chối (404)
[2026-05-24T04:14:09.157Z] [WARN] [User: id:6a0d895764636b6a740a17b8] [Action: Xem Lịch Sử Bát Tự] [IP: ::1] [Duration: 64ms] Cảnh báo: Yêu cầu không hợp lệ hoặc bị từ chối (404)
[2026-05-24T04:14:11.223Z] [WARN] [User: id:6a0d895764636b6a740a17b8] [Action: Xem Lịch Sử Kinh Dịch] [IP: ::1] [Duration: 60ms] Cảnh báo: Yêu cầu không hợp lệ hoặc bị từ chối (404)
[2026-05-24T04:14:11.289Z] [WARN] [User: id:6a0d895764636b6a740a17b8] [Action: Xem Lịch Sử Kinh Dịch] [IP: ::1] [Duration: 64ms] Cảnh báo: Yêu cầu không hợp lệ hoặc bị từ chối (404)
[2026-05-24T04:14:14.258Z] [WARN] [User: id:6a0d895764636b6a740a17b8] [Action: Thầy Dịch Giải Kinh Dịch] [IP: ::1] [Duration: 119ms] Cảnh báo: Yêu cầu không hợp lệ hoặc bị từ chối (409)
[2026-05-24T04:14:26.485Z] [WARN] [User: id:6a0d895764636b6a740a17b8] [Action: Xem Lịch Sử Bát Tự] [IP: ::1] [Duration: 61ms] Cảnh báo: Yêu cầu không hợp lệ hoặc bị từ chối (404)
[2026-05-24T04:14:26.552Z] [WARN] [User: id:6a0d895764636b6a740a17b8] [Action: Xem Lịch Sử Bát Tự] [IP: ::1] [Duration: 64ms] Cảnh báo: Yêu cầu không hợp lệ hoặc bị từ chối (404)
[2026-05-24T04:14:32.856Z] [WARN] [User: id:6a0d895764636b6a740a17b8] [Action: Xem Lịch Sử Kinh Dịch] [IP: ::1] [Duration: 61ms] Cảnh báo: Yêu cầu không hợp lệ hoặc bị từ chối (404)
[2026-05-24T04:14:32.921Z] [WARN] [User: id:6a0d895764636b6a740a17b8] [Action: Xem Lịch Sử Kinh Dịch] [IP: ::1] [Duration: 62ms] Cảnh báo: Yêu cầu không hợp lệ hoặc bị từ chối (404)
[2026-05-24T04:14:37.205Z] [WARN] [User: id:6a0d895764636b6a740a17b8] [Action: Xem Lịch Sử Kinh Dịch] [IP: ::1] [Duration: 60ms] Cảnh báo: Yêu cầu không hợp lệ hoặc bị từ chối (404)
[2026-05-24T04:14:37.266Z] [WARN] [User: id:6a0d895764636b6a740a17b8] [Action: Xem Lịch Sử Kinh Dịch] [IP: ::1] [Duration: 59ms] Cảnh báo: Yêu cầu không hợp lệ hoặc bị từ chối (404)
[2026-05-24T04:14:40.793Z] [WARN] [User: id:6a0d895764636b6a740a17b8] [Action: Xem Lịch Sử Kinh Dịch] [IP: ::1] [Duration: 66ms] Cảnh báo: Yêu cầu không hợp lệ hoặc bị từ chối (404)
[2026-05-24T04:14:40.857Z] [WARN] [User: id:6a0d895764636b6a740a17b8] [Action: Xem Lịch Sử Kinh Dịch] [IP: ::1] [Duration: 62ms] Cảnh báo: Yêu cầu không hợp lệ hoặc bị từ chối (404)
[2026-05-24T04:14:42.563Z] [WARN] [User: id:6a0d895764636b6a740a17b8] [Action: Thầy Dịch Giải Kinh Dịch] [IP: ::1] [Duration: 122ms] Cảnh báo: Yêu cầu không hợp lệ hoặc bị từ chối (409)
[2026-05-24T05:01:08.342Z] [WARN] [User: id:6a0d895764636b6a740a17b8] [Action: Xem Lịch Sử Kinh Dịch] [IP: ::1] [Duration: 62ms] Cảnh báo: Yêu cầu không hợp lệ hoặc bị từ chối (404)
[2026-05-24T05:01:08.404Z] [WARN] [User: id:6a0d895764636b6a740a17b8] [Action: Xem Lịch Sử Kinh Dịch] [IP: ::1] [Duration: 62ms] Cảnh báo: Yêu cầu không hợp lệ hoặc bị từ chối (404)
[2026-05-24T05:01:16.366Z] [WARN] [User: id:6a0d895764636b6a740a17b8] [Action: Xem Lịch Sử Kinh Dịch] [IP: ::1] [Duration: 62ms] Cảnh báo: Yêu cầu không hợp lệ hoặc bị từ chối (404)
[2026-05-24T05:01:16.429Z] [WARN] [User: id:6a0d895764636b6a740a17b8] [Action: Xem Lịch Sử Kinh Dịch] [IP: ::1] [Duration: 62ms] Cảnh báo: Yêu cầu không hợp lệ hoặc bị từ chối (404)
[2026-05-24T05:01:28.425Z] [WARN] [User: id:6a0d895764636b6a740a17b8] [Action: Xem Lịch Sử Kinh Dịch] [IP: ::1] [Duration: 59ms] Cảnh báo: Yêu cầu không hợp lệ hoặc bị từ chối (404)
[2026-05-24T05:01:28.487Z] [WARN] [User: id:6a0d895764636b6a740a17b8] [Action: Xem Lịch Sử Kinh Dịch] [IP: ::1] [Duration: 60ms] Cảnh báo: Yêu cầu không hợp lệ hoặc bị từ chối (404)
[2026-06-15T12:51:46.874Z] [ERROR] [Action: Đăng nhập Google] Đăng nhập Google gặp lỗi hệ thống.
Stack: Error: Wrong number of segments in token: test_token
    at OAuth2Client.verifySignedJwtWithCertsAsync (T:\Phongthuy\backend\node_modules\google-auth-library\build\src\auth\oauth2client.js:692:19)
    at OAuth2Client.verifyIdTokenAsync (T:\Phongthuy\backend\node_modules\google-auth-library\build\src\auth\oauth2client.js:541:34)
    at process.processTicksAndRejections (node:internal/process/task_queues:105:5)
    at async googleLogin (T:\Phongthuy\backend\src\controllers\AuthController.js:134:20)
[2026-06-15T12:51:46.875Z] [ERROR] [User: anonymous] [Action: POST /api/auth/google] [IP: ::1] [Duration: 196ms] Thất bại: Phản hồi lỗi hệ thống (500)
[2026-06-15T12:53:11.869Z] [ERROR] [Action: Đăng nhập Google] Đăng nhập Google gặp lỗi hệ thống.
Stack: Error: Wrong recipient, payload audience != requiredAudience
    at OAuth2Client.verifySignedJwtWithCertsAsync (T:\Phongthuy\backend\node_modules\google-auth-library\build\src\auth\oauth2client.js:787:23)
    at process.processTicksAndRejections (node:internal/process/task_queues:105:5)
    at async OAuth2Client.verifyIdTokenAsync (T:\Phongthuy\backend\node_modules\google-auth-library\build\src\auth\oauth2client.js:541:23)
    at async googleLogin (T:\Phongthuy\backend\src\controllers\AuthController.js:134:20)
[2026-06-15T12:53:11.871Z] [ERROR] [User: anonymous] [Action: POST /api/auth/google] [IP: ::1] [Duration: 6ms] Thất bại: Phản hồi lỗi hệ thống (500)
[2026-06-15T12:54:33.361Z] [WARN] [User: anonymous] [Action: GET /api/notifications] [IP: ::1] [Duration: 4ms] Cảnh báo: Yêu cầu không hợp lệ hoặc bị từ chối (401)
[2026-06-15T13:00:09.499Z] [WARN] [User: anonymous] [Action: GET /api/notifications] [IP: ::1] [Duration: 4ms] Cảnh báo: Yêu cầu không hợp lệ hoặc bị từ chối (401)
[2026-06-15T13:23:54.880Z] [WARN] [User: cobatuoc10@gmail.com (tuyền trịnh)] [Action: PUT /api/auth/profile] [IP: ::1] [Duration: 5ms] Cảnh báo: Yêu cầu không hợp lệ hoặc bị từ chối (404)
[2026-06-15T13:23:56.059Z] [WARN] [User: cobatuoc10@gmail.com (tuyền trịnh)] [Action: PUT /api/auth/profile] [IP: ::1] [Duration: 4ms] Cảnh báo: Yêu cầu không hợp lệ hoặc bị từ chối (404)
[2026-06-15T13:23:57.256Z] [WARN] [User: cobatuoc10@gmail.com (tuyền trịnh)] [Action: PUT /api/auth/profile] [IP: ::1] [Duration: 2ms] Cảnh báo: Yêu cầu không hợp lệ hoặc bị từ chối (404)
[2026-06-15T13:24:15.292Z] [WARN] [User: cobatuoc10@gmail.com (tuyền trịnh)] [Action: PUT /api/auth/profile] [IP: ::1] [Duration: 2ms] Cảnh báo: Yêu cầu không hợp lệ hoặc bị từ chối (404)
[2026-06-15T13:33:51.723Z] [WARN] [User: anonymous] [Action: GET /api/notifications] [IP: ::1] [Duration: 7ms] Cảnh báo: Yêu cầu không hợp lệ hoặc bị từ chối (401)
[2026-06-15T13:33:51.730Z] [WARN] [User: anonymous] [Action: GET /api/notifications] [IP: ::1] [Duration: 5ms] Cảnh báo: Yêu cầu không hợp lệ hoặc bị từ chối (401)
[2026-06-15T13:53:48.208Z] [WARN] [User: anonymous] [Action: GET /api/notifications] [IP: ::1] [Duration: 4ms] Cảnh báo: Yêu cầu không hợp lệ hoặc bị từ chối (401)
[2026-06-15T13:53:48.216Z] [WARN] [User: anonymous] [Action: GET /api/notifications] [IP: ::1] [Duration: 6ms] Cảnh báo: Yêu cầu không hợp lệ hoặc bị từ chối (401)
[2026-06-15T13:54:32.793Z] [WARN] [User: anonymous] [Action: GET /api/notifications] [IP: ::1] [Duration: 6ms] Cảnh báo: Yêu cầu không hợp lệ hoặc bị từ chối (401)
[2026-06-15T13:54:32.799Z] [WARN] [User: anonymous] [Action: GET /api/notifications] [IP: ::1] [Duration: 4ms] Cảnh báo: Yêu cầu không hợp lệ hoặc bị từ chối (401)
[2026-06-15T13:55:33.269Z] [WARN] [User: anonymous] [Action: GET /api/notifications] [IP: ::1] [Duration: 3ms] Cảnh báo: Yêu cầu không hợp lệ hoặc bị từ chối (401)
[2026-06-15T13:56:33.253Z] [WARN] [User: anonymous] [Action: GET /api/notifications] [IP: ::1] [Duration: 3ms] Cảnh báo: Yêu cầu không hợp lệ hoặc bị từ chối (401)
[2026-06-15T13:57:33.257Z] [WARN] [User: anonymous] [Action: GET /api/notifications] [IP: ::1] [Duration: 4ms] Cảnh báo: Yêu cầu không hợp lệ hoặc bị từ chối (401)
[2026-06-15T13:58:33.256Z] [WARN] [User: anonymous] [Action: GET /api/notifications] [IP: ::1] [Duration: 5ms] Cảnh báo: Yêu cầu không hợp lệ hoặc bị từ chối (401)
[2026-06-15T15:10:59.864Z] [WARN] [User: anonymous] [Action: Luận Giải Kinh Dịch AI] [IP: ::1] [Duration: 1ms] Cảnh báo: Yêu cầu không hợp lệ hoặc bị từ chối (401)
[2026-06-15T15:11:00.617Z] [WARN] [User: test_user@example.com (Test User)] [Action: Luận Giải Kinh Dịch AI] [IP: ::1] [Duration: 113ms] Cảnh báo: Yêu cầu không hợp lệ hoặc bị từ chối (402)
[2026-06-15T15:11:22.415Z] [WARN] [User: anonymous] [Action: Luận Giải Kinh Dịch AI] [IP: ::1] [Duration: 1ms] Cảnh báo: Yêu cầu không hợp lệ hoặc bị từ chối (401)
[2026-06-15T15:11:22.955Z] [WARN] [User: test_user@example.com (Test User)] [Action: Luận Giải Kinh Dịch AI] [IP: ::1] [Duration: 124ms] Cảnh báo: Yêu cầu không hợp lệ hoặc bị từ chối (402)
[2026-06-15T15:11:23.645Z] [ERROR] [User: test_user@example.com (Test User)] [Action: Xem Lịch Sử Kinh Dịch] [IP: ::1] [Duration: 57ms] Thất bại: Phản hồi lỗi hệ thống (500)
[2026-06-15T15:11:58.461Z] [WARN] [User: test_admin@example.com] [Action: Đăng nhập] [IP: ::1] [Duration: 1ms] Cảnh báo: Yêu cầu không hợp lệ hoặc bị từ chối (429)
[2026-06-15T15:11:58.465Z] [WARN] [User: test_coadmin1@example.com] [Action: Đăng nhập] [IP: ::1] [Duration: 1ms] Cảnh báo: Yêu cầu không hợp lệ hoặc bị từ chối (429)
[2026-06-15T15:11:59.603Z] [WARN] [User: anonymous] [Action: Luận Giải Kinh Dịch AI] [IP: ::1] [Duration: 1ms] Cảnh báo: Yêu cầu không hợp lệ hoặc bị từ chối (401)
[2026-06-15T15:12:00.074Z] [WARN] [User: test_user@example.com (Test User)] [Action: Luận Giải Kinh Dịch AI] [IP: ::1] [Duration: 112ms] Cảnh báo: Yêu cầu không hợp lệ hoặc bị từ chối (402)
[2026-06-15T15:12:00.327Z] [ERROR] [User: test_user@example.com (Test User)] [Action: Xem Lịch Sử Kinh Dịch] [IP: ::1] [Duration: 56ms] Thất bại: Phản hồi lỗi hệ thống (500)
[2026-06-15T15:12:26.070Z] [WARN] [User: test_user@example.com] [Action: Đăng nhập] [IP: ::1] Cảnh báo: Yêu cầu không hợp lệ hoặc bị từ chối (429)
[2026-06-15T15:12:56.435Z] [WARN] [User: anonymous] [Action: Luận Giải Kinh Dịch AI] [IP: ::1] [Duration: 1ms] Cảnh báo: Yêu cầu không hợp lệ hoặc bị từ chối (401)
[2026-06-15T15:12:56.975Z] [WARN] [User: test_user@example.com (Test User)] [Action: Luận Giải Kinh Dịch AI] [IP: ::1] [Duration: 144ms] Cảnh báo: Yêu cầu không hợp lệ hoặc bị từ chối (402)
[2026-06-15T15:12:57.232Z] [ERROR] [User: test_user@example.com (Test User)] [Action: Xem Lịch Sử Kinh Dịch] [IP: ::1] [Duration: 75ms] Thất bại: Phản hồi lỗi hệ thống (500)
[2026-06-15T15:13:54.038Z] [WARN] [User: anonymous] [Action: Luận Giải Kinh Dịch AI] [IP: ::1] [Duration: 1ms] Cảnh báo: Yêu cầu không hợp lệ hoặc bị từ chối (401)
[2026-06-15T15:14:03.047Z] [WARN] [User: test_user@example.com (Test User)] [Action: Luận Giải Kinh Dịch AI] [IP: ::1] [Duration: 140ms] Cảnh báo: Yêu cầu không hợp lệ hoặc bị từ chối (402)
[2026-06-15T15:14:28.057Z] [WARN] [User: anonymous] [Action: Luận Giải Kinh Dịch AI] [IP: ::1] [Duration: 1ms] Cảnh báo: Yêu cầu không hợp lệ hoặc bị từ chối (401)
[2026-06-15T15:14:37.034Z] [WARN] [User: test_user@example.com (Test User)] [Action: Luận Giải Kinh Dịch AI] [IP: ::1] [Duration: 131ms] Cảnh báo: Yêu cầu không hợp lệ hoặc bị từ chối (402)
[2026-06-15T15:14:38.335Z] [WARN] [User: test_user@example.com] [Action: Đăng nhập] Đăng nhập thất bại: Tài khoản [test_user@example.com] đang bị khóa.
[2026-06-15T15:14:38.336Z] [WARN] [User: test_user@example.com] [Action: Đăng nhập] [IP: ::1] [Duration: 71ms] Cảnh báo: Yêu cầu không hợp lệ hoặc bị từ chối (403)
[2026-06-15T15:14:56.969Z] [WARN] [User: anonymous] [Action: Luận Giải Kinh Dịch AI] [IP: ::1] [Duration: 1ms] Cảnh báo: Yêu cầu không hợp lệ hoặc bị từ chối (401)
[2026-06-15T15:15:07.223Z] [WARN] [User: test_user@example.com (Test User)] [Action: Luận Giải Kinh Dịch AI] [IP: ::1] [Duration: 113ms] Cảnh báo: Yêu cầu không hợp lệ hoặc bị từ chối (402)
[2026-06-15T15:15:08.468Z] [WARN] [User: test_user@example.com] [Action: Đăng nhập] Đăng nhập thất bại: Tài khoản [test_user@example.com] đang bị khóa.
[2026-06-15T15:15:08.469Z] [WARN] [User: test_user@example.com] [Action: Đăng nhập] [IP: ::1] [Duration: 61ms] Cảnh báo: Yêu cầu không hợp lệ hoặc bị từ chối (403)
[2026-06-15T15:15:09.839Z] [WARN] [User: test_coadmin1@example.com (Test Co-Admin 1)] [Action: POST /api/admin/users/019ecbd9-96c8-7b67-9df5-b5c1e6535611/lock] [IP: ::1] [Duration: 123ms] Cảnh báo: Yêu cầu không hợp lệ hoặc bị từ chối (403)
[2026-06-15T15:15:09.955Z] [WARN] [User: test_coadmin1@example.com (Test Co-Admin 1)] [Action: POST /api/admin/users/019ecbd9-968d-7135-835b-d9eadd036e90/lock] [IP: ::1] [Duration: 115ms] Cảnh báo: Yêu cầu không hợp lệ hoặc bị từ chối (403)
[2026-06-15T15:21:08.053Z] [WARN] [User: anonymous] [Action: Luận Giải Kinh Dịch AI] [IP: ::1] [Duration: 1ms] Cảnh báo: Yêu cầu không hợp lệ hoặc bị từ chối (401)
[2026-06-15T15:21:18.167Z] [WARN] [User: test_user@example.com (Test User)] [Action: Luận Giải Kinh Dịch AI] [IP: ::1] [Duration: 153ms] Cảnh báo: Yêu cầu không hợp lệ hoặc bị từ chối (402)
[2026-06-15T15:21:19.408Z] [WARN] [User: test_user@example.com] [Action: Đăng nhập] Đăng nhập thất bại: Tài khoản [test_user@example.com] đang bị khóa.
[2026-06-15T15:21:19.409Z] [WARN] [User: test_user@example.com] [Action: Đăng nhập] [IP: ::1] [Duration: 72ms] Cảnh báo: Yêu cầu không hợp lệ hoặc bị từ chối (403)
[2026-06-15T15:21:20.960Z] [WARN] [User: test_coadmin1@example.com (Test Co-Admin 1)] [Action: POST /api/admin/users/019ecbdf-4060-7f50-ba6f-b2141e4d2e23/lock] [IP: ::1] [Duration: 147ms] Cảnh báo: Yêu cầu không hợp lệ hoặc bị từ chối (403)
[2026-06-15T15:21:21.088Z] [WARN] [User: test_coadmin1@example.com (Test Co-Admin 1)] [Action: POST /api/admin/users/019ecbdf-4029-72fc-8c48-7658cb2d271b/lock] [IP: ::1] [Duration: 126ms] Cảnh báo: Yêu cầu không hợp lệ hoặc bị từ chối (403)
[2026-06-15T15:23:13.613Z] [WARN] [User: anonymous] [Action: GET /api/notifications] [IP: ::1] [Duration: 1ms] Cảnh báo: Yêu cầu không hợp lệ hoặc bị từ chối (401)
[2026-06-15T15:27:22.655Z] [WARN] [User: admin@admin.com] [Action: Đăng nhập] Đăng nhập thất bại: Mật khẩu không chính xác cho tài khoản [admin@admin.com].
[2026-06-15T15:27:22.655Z] [WARN] [User: admin@admin.com] [Action: Đăng nhập] [IP: ::1] [Duration: 192ms] Cảnh báo: Yêu cầu không hợp lệ hoặc bị từ chối (400)
[2026-06-15T15:27:28.271Z] [WARN] [User: admin@admin.com] [Action: Đăng nhập] Đăng nhập thất bại: Mật khẩu không chính xác cho tài khoản [admin@admin.com].
[2026-06-15T15:27:28.272Z] [WARN] [User: admin@admin.com] [Action: Đăng nhập] [IP: ::1] [Duration: 177ms] Cảnh báo: Yêu cầu không hợp lệ hoặc bị từ chối (400)
[2026-06-15T15:27:48.186Z] [WARN] [User: admin@admin.com] [Action: Đăng nhập] Đăng nhập thất bại: Mật khẩu không chính xác cho tài khoản [admin@admin.com].
[2026-06-15T15:27:48.187Z] [WARN] [User: admin@admin.com] [Action: Đăng nhập] [IP: ::1] [Duration: 197ms] Cảnh báo: Yêu cầu không hợp lệ hoặc bị từ chối (400)
[2026-06-15T15:27:53.529Z] [WARN] [User: admin@admin.com] [Action: Đăng nhập] Đăng nhập thất bại: Mật khẩu không chính xác cho tài khoản [admin@admin.com].
[2026-06-15T15:27:53.530Z] [WARN] [User: admin@admin.com] [Action: Đăng nhập] [IP: ::1] [Duration: 197ms] Cảnh báo: Yêu cầu không hợp lệ hoặc bị từ chối (400)
[2026-06-15T15:28:16.659Z] [WARN] [User: anonymous] [Action: GET /api/notifications] [IP: ::1] [Duration: 1ms] Cảnh báo: Yêu cầu không hợp lệ hoặc bị từ chối (401)
[2026-06-15T15:28:57.595Z] [WARN] [User: anonymous] [Action: GET /api/notifications] [IP: ::1] [Duration: 1ms] Cảnh báo: Yêu cầu không hợp lệ hoặc bị từ chối (401)
[2026-06-15T15:37:18.352Z] [WARN] [User: anonymous] [Action: GET /api/notifications] [IP: ::1] [Duration: 4ms] Cảnh báo: Yêu cầu không hợp lệ hoặc bị từ chối (401)
[2026-06-15T15:37:18.359Z] [WARN] [User: anonymous] [Action: GET /api/notifications] [IP: ::1] [Duration: 3ms] Cảnh báo: Yêu cầu không hợp lệ hoặc bị từ chối (401)
[2026-06-15T15:37:48.694Z] [WARN] [User: anonymous] [Action: GET /api/notifications] [IP: ::1] [Duration: 1ms] Cảnh báo: Yêu cầu không hợp lệ hoặc bị từ chối (401)
[2026-06-15T15:50:24.783Z] [WARN] [User: a@gmail.com] [Action: Đăng nhập] Đăng nhập thất bại: Tài khoản [a@gmail.com] đang bị khóa.
[2026-06-15T15:50:24.785Z] [WARN] [User: a@gmail.com] [Action: Đăng nhập] [IP: ::1] [Duration: 74ms] Cảnh báo: Yêu cầu không hợp lệ hoặc bị từ chối (403)
[2026-06-15T15:56:36.770Z] [WARN] [User: anonymous] [Action: GET /api/notifications] [IP: ::1] [Duration: 1ms] Cảnh báo: Yêu cầu không hợp lệ hoặc bị từ chối (401)
[2026-06-15T15:56:53.505Z] [WARN] [User: a@gmail.com (Test a)] [Action: Trò Chuyện Quẻ Dịch AI] [IP: ::1] [Duration: 88ms] Cảnh báo: Yêu cầu không hợp lệ hoặc bị từ chối (404)
[2026-06-15T15:57:03.400Z] [WARN] [User: a@gmail.com (Test a)] [Action: Trò Chuyện Quẻ Dịch AI] [IP: ::1] [Duration: 70ms] Cảnh báo: Yêu cầu không hợp lệ hoặc bị từ chối (404)
[2026-06-15T15:57:15.271Z] [WARN] [User: a@gmail.com (Test a)] [Action: Luận Giải Kinh Dịch AI] [IP: ::1] [Duration: 1ms] Cảnh báo: Yêu cầu không hợp lệ hoặc bị từ chối (401)
[2026-06-15T15:57:25.153Z] [WARN] [User: a@gmail.com (Test a)] [Action: Luận Giải Kinh Dịch AI] [IP: ::1] [Duration: 1ms] Cảnh báo: Yêu cầu không hợp lệ hoặc bị từ chối (401)
[2026-06-15T15:57:35.045Z] [WARN] [User: admin@admin.com (admin)] [Action: Luận Giải Kinh Dịch AI] [IP: ::1] [Duration: 1ms] Cảnh báo: Yêu cầu không hợp lệ hoặc bị từ chối (401)
[2026-06-15T15:58:16.579Z] [WARN] [User: a@gmail.com (Test a)] [Action: Trò Chuyện Bát Tự AI] [IP: ::1] [Duration: 69ms] Cảnh báo: Yêu cầu không hợp lệ hoặc bị từ chối (404)
[2026-06-15T15:58:27.017Z] [WARN] [User: anonymous] [Action: GET /api/notifications] [IP: ::1] [Duration: 1ms] Cảnh báo: Yêu cầu không hợp lệ hoặc bị từ chối (401)
[2026-06-15T15:58:46.624Z] [WARN] [User: cobatuoc@gmail.com (Trịnh Công Tuyền)] [Action: Luận Giải Kinh Dịch AI] [IP: ::1] [Duration: 1ms] Cảnh báo: Yêu cầu không hợp lệ hoặc bị từ chối (401)
[2026-06-15T16:01:26.494Z] [WARN] [User: admin@admin.com (admin)] [Action: Luận Giải Kinh Dịch AI] [IP: ::1] [Duration: 1ms] Cảnh báo: Yêu cầu không hợp lệ hoặc bị từ chối (401)
[2026-06-16T03:35:17.209Z] [WARN] [User: anonymous] [Action: Luận Giải Kinh Dịch AI] [IP: ::1] [Duration: 2ms] Cảnh báo: Yêu cầu không hợp lệ hoặc bị từ chối (401)
[2026-06-16T03:35:27.786Z] [WARN] [User: test_user@example.com (Test User)] [Action: Luận Giải Kinh Dịch AI] [IP: ::1] [Duration: 136ms] Cảnh báo: Yêu cầu không hợp lệ hoặc bị từ chối (402)
[2026-06-16T03:35:30.017Z] [WARN] [User: test_user@example.com] [Action: Đăng nhập] Đăng nhập thất bại: Tài khoản [test_user@example.com] đang bị khóa.
[2026-06-16T03:35:30.018Z] [WARN] [User: test_user@example.com] [Action: Đăng nhập] [IP: ::1] [Duration: 66ms] Cảnh báo: Yêu cầu không hợp lệ hoặc bị từ chối (403)
[2026-06-16T03:35:31.716Z] [WARN] [User: test_coadmin1@example.com (Test Co-Admin 1)] [Action: POST /api/admin/users/019ece7f-6201-7338-b3d2-b2e84a334605/lock] [IP: ::1] [Duration: 151ms] Cảnh báo: Yêu cầu không hợp lệ hoặc bị từ chối (403)
[2026-06-16T03:35:31.859Z] [WARN] [User: test_coadmin1@example.com (Test Co-Admin 1)] [Action: POST /api/admin/users/019ece7f-61b4-7f3b-a2a6-11c9f60321f8/lock] [IP: ::1] [Duration: 139ms] Cảnh báo: Yêu cầu không hợp lệ hoặc bị từ chối (403)
[2026-06-16T03:44:36.042Z] [WARN] [User: cobatuoc@gmail.com (Trịnh Công Tuyền)] [Action: GET /api/auth/me] [IP: ::1] [Duration: 63ms] Cảnh báo: Yêu cầu không hợp lệ hoặc bị từ chối (401)
[2026-06-16T03:44:36.057Z] [WARN] [User: cobatuoc@gmail.com (Trịnh Công Tuyền)] [Action: GET /api/notifications] [IP: ::1] [Duration: 60ms] Cảnh báo: Yêu cầu không hợp lệ hoặc bị từ chối (401)
[2026-06-16T03:44:36.105Z] [WARN] [User: cobatuoc@gmail.com (Trịnh Công Tuyền)] [Action: GET /api/auth/me] [IP: ::1] [Duration: 62ms] Cảnh báo: Yêu cầu không hợp lệ hoặc bị từ chối (401)
[2026-06-16T03:44:36.139Z] [WARN] [User: cobatuoc@gmail.com (Trịnh Công Tuyền)] [Action: GET /api/notifications] [IP: ::1] [Duration: 79ms] Cảnh báo: Yêu cầu không hợp lệ hoặc bị từ chối (401)
[2026-06-16T03:44:45.298Z] [WARN] [User: cobatuoc@gmail.com] [Action: Đăng nhập] Đăng nhập thất bại: Tài khoản [cobatuoc@gmail.com] đang bị khóa.
[2026-06-16T03:44:45.300Z] [WARN] [User: cobatuoc@gmail.com] [Action: Đăng nhập] [IP: ::1] [Duration: 78ms] Cảnh báo: Yêu cầu không hợp lệ hoặc bị từ chối (403)
[2026-06-16T03:49:50.237Z] [WARN] [User: cobatuoc@gmail.com] [Action: Đăng nhập] Đăng nhập thất bại: Tài khoản [cobatuoc@gmail.com] đang bị khóa.
[2026-06-16T03:49:50.239Z] [WARN] [User: cobatuoc@gmail.com] [Action: Đăng nhập] [IP: ::1] [Duration: 68ms] Cảnh báo: Yêu cầu không hợp lệ hoặc bị từ chối (403)
[2026-06-16T03:50:10.853Z] [WARN] [User: cobatuoc@gmail.com (Trịnh Công Tuyền)] [Action: Gửi Đơn Khiếu Nại Tài Khoản] [IP: ::1] [Duration: 76ms] Cảnh báo: Yêu cầu không hợp lệ hoặc bị từ chối (400)
[2026-06-16T03:52:31.025Z] [WARN] [User: a@test.com] [Action: Đăng nhập] Đăng nhập thất bại: Không tìm thấy tài khoản với email [a@test.com].
[2026-06-16T03:52:31.027Z] [WARN] [User: a@test.com] [Action: Đăng nhập] [IP: ::1] [Duration: 68ms] Cảnh báo: Yêu cầu không hợp lệ hoặc bị từ chối (400)
[2026-06-16T03:52:41.132Z] [WARN] [User: anonymous] [Action: GET /api/notifications] [IP: ::1] [Duration: 2ms] Cảnh báo: Yêu cầu không hợp lệ hoặc bị từ chối (401)
[2026-06-16T04:05:43.401Z] [WARN] [User: anonymous] [Action: GET /api/auth/events] [IP: ::1] [Duration: 4ms] Cảnh báo: Yêu cầu không hợp lệ hoặc bị từ chối (404)
[2026-06-16T04:12:00.941Z] [WARN] [User: anonymous] [Action: GET /api/notifications] [IP: ::1] [Duration: 1ms] Cảnh báo: Yêu cầu không hợp lệ hoặc bị từ chối (401)
[2026-06-16T04:12:08.479Z] [WARN] [User: anonymous] [Action: GET /api/notifications] [IP: ::1] [Duration: 1ms] Cảnh báo: Yêu cầu không hợp lệ hoặc bị từ chối (401)
[2026-06-16T04:12:12.756Z] [WARN] [User: anonymous] [Action: GET /api/notifications] [IP: ::1] [Duration: 1ms] Cảnh báo: Yêu cầu không hợp lệ hoặc bị từ chối (401)
[2026-06-16T04:12:15.205Z] [WARN] [User: anonymous] [Action: GET /api/notifications] [IP: ::1] [Duration: 1ms] Cảnh báo: Yêu cầu không hợp lệ hoặc bị từ chối (401)
[2026-06-16T04:12:33.194Z] [WARN] [User: anonymous] [Action: GET /api/notifications] [IP: ::1] [Duration: 1ms] Cảnh báo: Yêu cầu không hợp lệ hoặc bị từ chối (401)
[2026-06-16T04:12:48.519Z] [WARN] [User: anonymous] [Action: GET /api/notifications] [IP: ::1] [Duration: 1ms] Cảnh báo: Yêu cầu không hợp lệ hoặc bị từ chối (401)
[2026-06-16T04:16:45.482Z] [WARN] [User: anonymous] [Action: Luận Giải Kinh Dịch AI] [IP: ::1] [Duration: 2ms] Cảnh báo: Yêu cầu không hợp lệ hoặc bị từ chối (401)
[2026-06-16T04:24:31.315Z] [WARN] [User: anonymous] [Action: GET /api/notifications] [IP: ::1] [Duration: 4ms] Cảnh báo: Yêu cầu không hợp lệ hoặc bị từ chối (401)
[2026-06-16T04:47:48.525Z] [WARN] [User: anonymous] [Action: GET /api/notifications] [IP: ::1] [Duration: 3ms] Cảnh báo: Yêu cầu không hợp lệ hoặc bị từ chối (401)
[2026-06-16T04:47:51.151Z] [WARN] [User: anonymous] [Action: GET /api/notifications] [IP: ::1] [Duration: 2ms] Cảnh báo: Yêu cầu không hợp lệ hoặc bị từ chối (401)
[2026-06-16T04:49:35.952Z] [WARN] [User: anonymous] [Action: Luận Giải Kinh Dịch AI] [IP: ::1] [Duration: 2ms] Cảnh báo: Yêu cầu không hợp lệ hoặc bị từ chối (401)
[2026-06-16T04:49:53.605Z] [WARN] [User: test_user@example.com (Test User)] [Action: Luận Giải Kinh Dịch AI] [IP: ::1] [Duration: 112ms] Cảnh báo: Yêu cầu không hợp lệ hoặc bị từ chối (402)
[2026-06-16T04:49:54.795Z] [WARN] [User: test_user@example.com] [Action: Đăng nhập] Đăng nhập thất bại: Tài khoản [test_user@example.com] đang bị khóa.
[2026-06-16T04:49:54.857Z] [WARN] [User: test_user@example.com] [Action: Đăng nhập] [IP: ::1] [Duration: 119ms] Cảnh báo: Yêu cầu không hợp lệ hoặc bị từ chối (403)
[2026-06-16T04:49:56.276Z] [WARN] [User: test_coadmin1@example.com (Test Co-Admin 1)] [Action: POST /api/admin/users/019ecec3-6b30-7dab-ba11-4b41cf637008/lock] [IP: ::1] [Duration: 121ms] Cảnh báo: Yêu cầu không hợp lệ hoặc bị từ chối (403)
[2026-06-16T04:49:56.393Z] [WARN] [User: test_coadmin1@example.com (Test Co-Admin 1)] [Action: POST /api/admin/users/019ecec3-6af5-7d90-9d42-7129c42e7c15/lock] [IP: ::1] [Duration: 113ms] Cảnh báo: Yêu cầu không hợp lệ hoặc bị từ chối (403)
[2026-06-16T04:52:36.007Z] [WARN] [User: anonymous] [Action: GET /api/notifications] [IP: ::1] [Duration: 2ms] Cảnh báo: Yêu cầu không hợp lệ hoặc bị từ chối (401)
[2026-06-16T07:19:59.079Z] [WARN] [User: anonymous] [Action: Luận Giải Kinh Dịch AI] [IP: ::1] [Duration: 2ms] Cảnh báo: Yêu cầu không hợp lệ hoặc bị từ chối (401)
[2026-06-16T07:20:10.049Z] [WARN] [User: test_user@example.com (Test User)] [Action: Luận Giải Kinh Dịch AI] [IP: ::1] [Duration: 158ms] Cảnh báo: Yêu cầu không hợp lệ hoặc bị từ chối (402)
[2026-06-16T07:20:11.419Z] [ERROR] [User: test_admin@example.com (Test Admin)] [Action: POST /api/admin/users/019ecf4d-17e4-7b11-91bb-cdc544f003b1/lock] [IP: ::1] [Duration: 202ms] Thất bại: Phản hồi lỗi hệ thống (500)
[2026-06-16T07:20:46.059Z] [WARN] [User: anonymous] [Action: Luận Giải Kinh Dịch AI] [IP: ::1] [Duration: 3ms] Cảnh báo: Yêu cầu không hợp lệ hoặc bị từ chối (401)
[2026-06-16T07:20:56.474Z] [WARN] [User: test_user@example.com (Test User)] [Action: Luận Giải Kinh Dịch AI] [IP: ::1] [Duration: 128ms] Cảnh báo: Yêu cầu không hợp lệ hoặc bị từ chối (402)
[2026-06-16T07:20:59.301Z] [WARN] [User: test_user@example.com] [Action: Đăng nhập] Đăng nhập thất bại: Tài khoản [test_user@example.com] đang bị khóa.
[2026-06-16T07:20:59.384Z] [WARN] [User: test_user@example.com] [Action: Đăng nhập] [IP: ::1] [Duration: 158ms] Cảnh báo: Yêu cầu không hợp lệ hoặc bị từ chối (403)
[2026-06-16T07:21:01.054Z] [WARN] [User: test_coadmin1@example.com (Test Co-Admin 1)] [Action: POST /api/admin/users/019ecf4d-d12a-7cb4-b178-327f28b85cc6/lock] [IP: ::1] [Duration: 154ms] Cảnh báo: Yêu cầu không hợp lệ hoặc bị từ chối (403)
[2026-06-16T07:21:01.193Z] [WARN] [User: test_coadmin1@example.com (Test Co-Admin 1)] [Action: POST /api/admin/users/019ecf4d-d0e6-7770-946e-221b07fc90ff/lock] [IP: ::1] [Duration: 137ms] Cảnh báo: Yêu cầu không hợp lệ hoặc bị từ chối (403)
[2026-06-16T07:24:17.955Z] [WARN] [User: anonymous] [Action: GET /api/notifications] [IP: ::1] [Duration: 3ms] Cảnh báo: Yêu cầu không hợp lệ hoặc bị từ chối (401)
[2026-06-16T07:24:38.804Z] [WARN] [User: cobatuoc10@gmail.com] [Action: Đăng nhập Google] Đăng nhập Google thất bại: Tài khoản [cobatuoc10@gmail.com] đã bị xóa.
[2026-06-16T07:24:38.864Z] [WARN] [User: anonymous] [Action: POST /api/auth/google] [IP: ::1] [Duration: 860ms] Cảnh báo: Yêu cầu không hợp lệ hoặc bị từ chối (403)
[2026-06-16T07:24:54.240Z] [WARN] [User: anonymous] [Action: GET /api/notifications] [IP: ::1] [Duration: 2ms] Cảnh báo: Yêu cầu không hợp lệ hoặc bị từ chối (401)
[2026-06-16T07:27:37.962Z] [WARN] [User: anonymous] [Action: Luận Giải Kinh Dịch AI] [IP: ::1] [Duration: 2ms] Cảnh báo: Yêu cầu không hợp lệ hoặc bị từ chối (401)
[2026-06-16T07:27:47.881Z] [WARN] [User: test_user@example.com (Test User)] [Action: Luận Giải Kinh Dịch AI] [IP: ::1] [Duration: 139ms] Cảnh báo: Yêu cầu không hợp lệ hoặc bị từ chối (402)
[2026-06-16T07:27:49.284Z] [WARN] [User: test_user@example.com] [Action: Đăng nhập] Đăng nhập thất bại: Tài khoản [test_user@example.com] đang bị khóa.
[2026-06-16T07:27:49.337Z] [WARN] [User: test_user@example.com] [Action: Đăng nhập] [IP: ::1] [Duration: 117ms] Cảnh báo: Yêu cầu không hợp lệ hoặc bị từ chối (403)
[2026-06-16T07:27:50.843Z] [WARN] [User: test_coadmin1@example.com (Test Co-Admin 1)] [Action: POST /api/admin/users/019ecf54-1b0a-767c-96bb-18bcfd94454d/lock] [IP: ::1] [Duration: 228ms] Cảnh báo: Yêu cầu không hợp lệ hoặc bị từ chối (403)
[2026-06-16T07:27:50.979Z] [WARN] [User: test_coadmin1@example.com (Test Co-Admin 1)] [Action: POST /api/admin/users/019ecf54-1aca-75af-992b-37b29bc22194/lock] [IP: ::1] [Duration: 135ms] Cảnh báo: Yêu cầu không hợp lệ hoặc bị từ chối (403)
[2026-06-16T07:31:16.873Z] [WARN] [User: ab@gmail.com] [Action: Đăng nhập] Đăng nhập thất bại: Tài khoản [ab@gmail.com] đang bị khóa.
[2026-06-16T07:31:16.940Z] [WARN] [User: ab@gmail.com] [Action: Đăng nhập] [IP: ::1] [Duration: 128ms] Cảnh báo: Yêu cầu không hợp lệ hoặc bị từ chối (403)
[2026-06-16T07:31:34.531Z] [WARN] [User: admin@admin.com (admin)] [Action: GET /api/admin/users/undefined/stats] [IP: ::1] [Duration: 126ms] Cảnh báo: Yêu cầu không hợp lệ hoặc bị từ chối (404)
[2026-06-16T07:31:40.140Z] [WARN] [User: admin@admin.com (admin)] [Action: GET /api/admin/users/undefined/stats] [IP: ::1] [Duration: 146ms] Cảnh báo: Yêu cầu không hợp lệ hoặc bị từ chối (404)
[2026-06-16T07:31:45.084Z] [WARN] [User: admin@admin.com (admin)] [Action: GET /api/admin/users/undefined/stats] [IP: ::1] [Duration: 419ms] Cảnh báo: Yêu cầu không hợp lệ hoặc bị từ chối (404)
[2026-06-16T08:01:19.404Z] [WARN] [User: anonymous] [Action: Luận Giải Kinh Dịch AI] [IP: ::1] [Duration: 2ms] Cảnh báo: Yêu cầu không hợp lệ hoặc bị từ chối (401)
[2026-06-16T08:01:35.557Z] [WARN] [User: test_user@example.com (Test User)] [Action: Luận Giải Kinh Dịch AI] [IP: ::1] [Duration: 135ms] Cảnh báo: Yêu cầu không hợp lệ hoặc bị từ chối (402)
[2026-06-16T08:01:37.104Z] [WARN] [User: test_user@example.com] [Action: Đăng nhập] Đăng nhập thất bại: Tài khoản [test_user@example.com] đang bị khóa.
[2026-06-16T08:01:37.170Z] [WARN] [User: test_user@example.com] [Action: Đăng nhập] [IP: ::1] [Duration: 126ms] Cảnh báo: Yêu cầu không hợp lệ hoặc bị từ chối (403)
[2026-06-16T08:01:38.763Z] [WARN] [User: test_coadmin1@example.com (Test Co-Admin 1)] [Action: POST /api/admin/users/019ecf72-f263-70f5-8490-2f563f12706e/lock] [IP: ::1] [Duration: 125ms] Cảnh báo: Yêu cầu không hợp lệ hoặc bị từ chối (403)
[2026-06-16T08:01:38.932Z] [WARN] [User: test_coadmin1@example.com (Test Co-Admin 1)] [Action: POST /api/admin/users/019ecf72-f228-7c53-a399-f9aa51f6abb2/lock] [IP: ::1] [Duration: 166ms] Cảnh báo: Yêu cầu không hợp lệ hoặc bị từ chối (403)
[2026-06-16T08:27:11.938Z] [WARN] [User: abc@gmail.com] [Action: Đăng nhập] Đăng nhập thất bại: Tài khoản [abc@gmail.com] đang bị khóa.
[2026-06-16T08:27:12.004Z] [WARN] [User: abc@gmail.com] [Action: Đăng nhập] [IP: ::1] [Duration: 130ms] Cảnh báo: Yêu cầu không hợp lệ hoặc bị từ chối (403)
[2026-06-16T08:28:09.318Z] [WARN] [User: a@gmail.com] [Action: Đăng nhập] Đăng nhập thất bại: Tài khoản [a@gmail.com] đang bị khóa.
[2026-06-16T08:28:09.386Z] [WARN] [User: a@gmail.com] [Action: Đăng nhập] [IP: ::1] [Duration: 129ms] Cảnh báo: Yêu cầu không hợp lệ hoặc bị từ chối (403)
[2026-06-16T08:28:31.985Z] [WARN] [User: admin@admin.com (admin)] [Action: POST /api/admin/appeals/019ecf8b-a854-7f1f-90c0-819aba59ef5a/resolve] [IP: ::1] [Duration: 132ms] Cảnh báo: Yêu cầu không hợp lệ hoặc bị từ chối (404)
[2026-06-16T08:28:35.595Z] [WARN] [User: admin@admin.com (admin)] [Action: POST /api/admin/appeals/019ecf8b-a854-7f1f-90c0-819aba59ef5a/resolve] [IP: ::1] [Duration: 129ms] Cảnh báo: Yêu cầu không hợp lệ hoặc bị từ chối (404)
[2026-06-16T08:28:56.429Z] [WARN] [User: a@gmail.com] [Action: Đăng nhập] Đăng nhập thất bại: Tài khoản [a@gmail.com] đang bị khóa.
[2026-06-16T08:28:56.499Z] [WARN] [User: a@gmail.com] [Action: Đăng nhập] [IP: ::1] [Duration: 134ms] Cảnh báo: Yêu cầu không hợp lệ hoặc bị từ chối (403)
[2026-06-16T08:29:02.672Z] [WARN] [User: admin@admin.com (admin)] [Action: POST /api/admin/appeals/019ecf8b-a854-7f1f-90c0-819aba59ef5a/resolve] [IP: ::1] [Duration: 131ms] Cảnh báo: Yêu cầu không hợp lệ hoặc bị từ chối (404)
[2026-06-16T08:30:30.072Z] [WARN] [User: abc123@gmail.com] [Action: Đăng nhập] [IP: ::1] [Duration: 61ms] Cảnh báo: Yêu cầu không hợp lệ hoặc bị từ chối (400)
[2026-06-16T08:30:30.069Z] [WARN] [User: abc123@gmail.com] [Action: Đăng nhập] Đăng nhập thất bại: Không tìm thấy tài khoản với email [abc123@gmail.com].
[2026-06-16T08:30:37.069Z] [WARN] [User: abc@gmail.com] [Action: Đăng nhập] Đăng nhập thất bại: Tài khoản [abc@gmail.com] đang bị khóa.
[2026-06-16T08:30:37.131Z] [WARN] [User: abc@gmail.com] [Action: Đăng nhập] [IP: ::1] [Duration: 120ms] Cảnh báo: Yêu cầu không hợp lệ hoặc bị từ chối (403)
[2026-06-16T08:30:50.396Z] [WARN] [User: admin@admin.com (admin)] [Action: POST /api/admin/appeals/019ecf8d-dec1-7e66-9b99-a823ac530560/resolve] [IP: ::1] [Duration: 128ms] Cảnh báo: Yêu cầu không hợp lệ hoặc bị từ chối (404)
[2026-06-16T08:32:13.062Z] [WARN] [User: admin@admin.com (admin)] [Action: POST /api/admin/appeals/019ecf8d-dec1-7e66-9b99-a823ac530560/resolve] [IP: ::1] [Duration: 129ms] Cảnh báo: Yêu cầu không hợp lệ hoặc bị từ chối (404)
[2026-06-16T08:32:17.422Z] [WARN] [User: admin@admin.com (admin)] [Action: POST /api/admin/appeals/019ecf8d-dec1-7e66-9b99-a823ac530560/resolve] [IP: ::1] [Duration: 134ms] Cảnh báo: Yêu cầu không hợp lệ hoặc bị từ chối (404)
[2026-06-16T08:34:38.183Z] [WARN] [User: abc@gmail.com] [Action: Đăng nhập] Đăng nhập thất bại: Tài khoản [abc@gmail.com] đang bị khóa.
[2026-06-16T08:34:38.256Z] [WARN] [User: abc@gmail.com] [Action: Đăng nhập] [IP: ::1] [Duration: 142ms] Cảnh báo: Yêu cầu không hợp lệ hoặc bị từ chối (403)
[2026-06-16T08:50:02.835Z] [WARN] [User: abc@gmail.com (b)] [Action: GET /api/notifications] [IP: ::1] [Duration: 84ms] Cảnh báo: Yêu cầu không hợp lệ hoặc bị từ chối (401)
[2026-06-16T08:50:05.080Z] [WARN] [User: abc@gmail.com] [Action: Đăng nhập] Đăng nhập thất bại: Tài khoản [abc@gmail.com] đang bị khóa.
[2026-06-16T08:50:05.158Z] [WARN] [User: abc@gmail.com] [Action: Đăng nhập] [IP: ::1] [Duration: 155ms] Cảnh báo: Yêu cầu không hợp lệ hoặc bị từ chối (403)
[2026-06-16T08:50:18.244Z] [WARN] [User: admin@admin.com (admin)] [Action: GET /api/admin/users/undefined/stats] [IP: ::1] [Duration: 133ms] Cảnh báo: Yêu cầu không hợp lệ hoặc bị từ chối (404)
[2026-06-16T08:50:27.331Z] [WARN] [User: admin@admin.com (admin)] [Action: GET /api/admin/users/undefined/stats] [IP: ::1] [Duration: 146ms] Cảnh báo: Yêu cầu không hợp lệ hoặc bị từ chối (404)
[2026-06-16T09:02:16.028Z] [WARN] [User: anonymous] [Action: Luận Giải Kinh Dịch AI] [IP: ::1] [Duration: 4ms] Cảnh báo: Yêu cầu không hợp lệ hoặc bị từ chối (401)
[2026-06-16T09:02:26.855Z] [WARN] [User: test_user@example.com (Test User)] [Action: Luận Giải Kinh Dịch AI] [IP: ::1] [Duration: 135ms] Cảnh báo: Yêu cầu không hợp lệ hoặc bị từ chối (402)
[2026-06-16T09:02:28.437Z] [WARN] [User: test_user@example.com] [Action: Đăng nhập] Đăng nhập thất bại: Tài khoản [test_user@example.com] đang bị khóa.
[2026-06-16T09:02:28.500Z] [WARN] [User: test_user@example.com] [Action: Đăng nhập] [IP: ::1] [Duration: 127ms] Cảnh báo: Yêu cầu không hợp lệ hoặc bị từ chối (403)
[2026-06-16T09:02:30.165Z] [WARN] [User: test_coadmin1@example.com (Test Co-Admin 1)] [Action: POST /api/admin/users/019ecfaa-be27-76d3-a4dc-f4463ecc2daf/lock] [IP: ::1] [Duration: 202ms] Cảnh báo: Yêu cầu không hợp lệ hoặc bị từ chối (403)
[2026-06-16T09:02:30.293Z] [WARN] [User: test_coadmin1@example.com (Test Co-Admin 1)] [Action: POST /api/admin/users/019ecfaa-bddb-758d-b0a4-11c2ac3732c0/lock] [IP: ::1] [Duration: 124ms] Cảnh báo: Yêu cầu không hợp lệ hoặc bị từ chối (403)
[2026-06-16T09:07:34.971Z] [WARN] [User: admin@admin.com (admin)] [Action: GET /api/admin/users/undefined/stats] [IP: ::1] [Duration: 161ms] Cảnh báo: Yêu cầu không hợp lệ hoặc bị từ chối (404)
[2026-06-16T09:08:11.404Z] [WARN] [User: abc@gmail.com] [Action: Đăng nhập] Đăng nhập thất bại: Tài khoản [abc@gmail.com] đang bị khóa.
[2026-06-16T09:08:11.460Z] [WARN] [User: abc@gmail.com] [Action: Đăng nhập] [IP: ::1] [Duration: 108ms] Cảnh báo: Yêu cầu không hợp lệ hoặc bị từ chối (403)
[2026-06-16T09:10:03.050Z] [WARN] [User: abc@gmail.com (b)] [Action: Gửi Đơn Khiếu Nại Tài Khoản] [IP: ::1] [Duration: 67ms] Cảnh báo: Yêu cầu không hợp lệ hoặc bị từ chối (400)
[2026-06-16T09:11:35.437Z] [WARN] [User: abc@gmail.com (b)] [Action: Gửi Đơn Khiếu Nại Tài Khoản] [IP: ::1] [Duration: 67ms] Cảnh báo: Yêu cầu không hợp lệ hoặc bị từ chối (400)
[2026-06-16T09:11:38.189Z] [WARN] [User: abc@gmail.com] [Action: Đăng nhập] Đăng nhập thất bại: Tài khoản [abc@gmail.com] đang bị khóa.
[2026-06-16T09:11:38.261Z] [WARN] [User: abc@gmail.com] [Action: Đăng nhập] [IP: ::1] [Duration: 139ms] Cảnh báo: Yêu cầu không hợp lệ hoặc bị từ chối (403)
[2026-06-16T09:12:47.670Z] [WARN] [User: abc@gmail.com] [Action: Đăng nhập] Đăng nhập thất bại: Tài khoản [abc@gmail.com] đang bị khóa.
[2026-06-16T09:12:47.720Z] [WARN] [User: abc@gmail.com] [Action: Đăng nhập] [IP: ::1] [Duration: 100ms] Cảnh báo: Yêu cầu không hợp lệ hoặc bị từ chối (403)
[2026-06-16T09:18:04.453Z] [WARN] [User: anonymous] [Action: Luận Giải Kinh Dịch AI] [IP: ::1] [Duration: 3ms] Cảnh báo: Yêu cầu không hợp lệ hoặc bị từ chối (401)
[2026-06-16T09:18:15.205Z] [WARN] [User: test_user@example.com (Test User)] [Action: Luận Giải Kinh Dịch AI] [IP: ::1] [Duration: 171ms] Cảnh báo: Yêu cầu không hợp lệ hoặc bị từ chối (402)
[2026-06-16T09:18:16.457Z] [WARN] [User: test_user@example.com] [Action: Đăng nhập] Đăng nhập thất bại: Tài khoản [test_user@example.com] đang bị khóa.
[2026-06-16T09:18:16.519Z] [WARN] [User: test_user@example.com] [Action: Đăng nhập] [IP: ::1] [Duration: 122ms] Cảnh báo: Yêu cầu không hợp lệ hoặc bị từ chối (403)
[2026-06-16T09:18:18.075Z] [WARN] [User: test_coadmin1@example.com (Test Co-Admin 1)] [Action: POST /api/admin/users/019ecfb9-371b-7bfe-8a88-7e02caef741b/lock] [IP: ::1] [Duration: 126ms] Cảnh báo: Yêu cầu không hợp lệ hoặc bị từ chối (403)
[2026-06-16T09:18:18.288Z] [WARN] [User: test_coadmin1@example.com (Test Co-Admin 1)] [Action: POST /api/admin/users/019ecfb9-36e4-7528-803a-83568756ab47/lock] [IP: ::1] [Duration: 205ms] Cảnh báo: Yêu cầu không hợp lệ hoặc bị từ chối (403)
[2026-06-16T09:32:29.831Z] [WARN] [User: abc@gmail.com] [Action: Đăng nhập] Đăng nhập thất bại: Tài khoản [abc@gmail.com] đang bị khóa.
[2026-06-16T09:32:29.891Z] [WARN] [User: abc@gmail.com] [Action: Đăng nhập] [IP: ::1] [Duration: 122ms] Cảnh báo: Yêu cầu không hợp lệ hoặc bị từ chối (403)
[2026-06-16T12:07:38.398Z] [WARN] [User: anonymous] [Action: Luận Giải Kinh Dịch AI] [IP: ::1] [Duration: 2ms] Cảnh báo: Yêu cầu không hợp lệ hoặc bị từ chối (401)
[2026-06-16T12:07:50.333Z] [WARN] [User: test_user@example.com (Test User)] [Action: Luận Giải Kinh Dịch AI] [IP: ::1] [Duration: 139ms] Cảnh báo: Yêu cầu không hợp lệ hoặc bị từ chối (402)
[2026-06-16T12:07:51.676Z] [WARN] [User: test_user@example.com] [Action: Đăng nhập] Đăng nhập thất bại: Tài khoản [test_user@example.com] đang bị khóa.
[2026-06-16T12:07:51.731Z] [WARN] [User: test_user@example.com] [Action: Đăng nhập] [IP: ::1] [Duration: 109ms] Cảnh báo: Yêu cầu không hợp lệ hoặc bị từ chối (403)
[2026-06-16T12:07:53.392Z] [WARN] [User: test_coadmin1@example.com (Test Co-Admin 1)] [Action: POST /api/admin/users/019ed054-7470-704f-85ec-edb1d9542186/lock] [IP: ::1] [Duration: 124ms] Cảnh báo: Yêu cầu không hợp lệ hoặc bị từ chối (403)
[2026-06-16T12:07:53.534Z] [WARN] [User: test_coadmin1@example.com (Test Co-Admin 1)] [Action: POST /api/admin/users/019ed054-7426-7fc0-aa58-4155bcb37d63/lock] [IP: ::1] [Duration: 141ms] Cảnh báo: Yêu cầu không hợp lệ hoặc bị từ chối (403)
[2026-06-16T13:08:04.249Z] [WARN] [User: trinhtuyen270804@gmail.com] [Action: Đăng nhập Google] Đăng nhập Google thất bại: Tài khoản [trinhtuyen270804@gmail.com] đang bị khóa.
[2026-06-16T13:08:04.305Z] [WARN] [User: anonymous] [Action: POST /api/auth/google] [IP: ::1] [Duration: 406ms] Cảnh báo: Yêu cầu không hợp lệ hoặc bị từ chối (403)
[2026-06-16T13:12:29.792Z] [WARN] [User: anonymous] [Action: Luận Giải Kinh Dịch AI] [IP: ::1] [Duration: 2ms] Cảnh báo: Yêu cầu không hợp lệ hoặc bị từ chối (401)
[2026-06-16T13:12:47.236Z] [WARN] [User: test_user@example.com (Test User)] [Action: Luận Giải Kinh Dịch AI] [IP: ::1] [Duration: 437ms] Cảnh báo: Yêu cầu không hợp lệ hoặc bị từ chối (402)
[2026-06-16T13:12:48.917Z] [WARN] [User: test_user@example.com] [Action: Đăng nhập] Đăng nhập thất bại: Tài khoản [test_user@example.com] đang bị khóa.
[2026-06-16T13:12:48.981Z] [WARN] [User: test_user@example.com] [Action: Đăng nhập] [IP: ::1] [Duration: 121ms] Cảnh báo: Yêu cầu không hợp lệ hoặc bị từ chối (403)
[2026-06-16T13:12:50.825Z] [WARN] [User: test_coadmin1@example.com (Test Co-Admin 1)] [Action: POST /api/admin/users/019ed08f-d4ec-77b3-a40f-e2abd87c6b02/lock] [IP: ::1] [Duration: 143ms] Cảnh báo: Yêu cầu không hợp lệ hoặc bị từ chối (403)
[2026-06-16T13:12:50.946Z] [WARN] [User: test_coadmin1@example.com (Test Co-Admin 1)] [Action: POST /api/admin/users/019ed08f-d4aa-7da3-9479-ff5e191cc4ae/lock] [IP: ::1] [Duration: 118ms] Cảnh báo: Yêu cầu không hợp lệ hoặc bị từ chối (403)
[2026-06-16T14:00:02.217Z] [WARN] [User: anonymous] [Action: Luận Giải Kinh Dịch AI] [IP: ::1] [Duration: 1ms] Cảnh báo: Yêu cầu không hợp lệ hoặc bị từ chối (401)
[2026-06-16T14:00:20.148Z] [WARN] [User: test_user@example.com (Test User)] [Action: Luận Giải Kinh Dịch AI] [IP: ::1] [Duration: 131ms] Cảnh báo: Yêu cầu không hợp lệ hoặc bị từ chối (402)
[2026-06-16T14:00:21.415Z] [WARN] [User: test_user@example.com] [Action: Đăng nhập] Đăng nhập thất bại: Tài khoản [test_user@example.com] đang bị khóa.
[2026-06-16T14:00:21.472Z] [WARN] [User: test_user@example.com] [Action: Đăng nhập] [IP: ::1] [Duration: 116ms] Cảnh báo: Yêu cầu không hợp lệ hoặc bị từ chối (403)
[2026-06-16T14:00:22.868Z] [WARN] [User: test_coadmin1@example.com (Test Co-Admin 1)] [Action: POST /api/admin/users/019ed0bb-5ce3-75d2-95b7-58e753776b39/lock] [IP: ::1] [Duration: 118ms] Cảnh báo: Yêu cầu không hợp lệ hoặc bị từ chối (403)
[2026-06-16T14:00:22.995Z] [WARN] [User: test_coadmin1@example.com (Test Co-Admin 1)] [Action: POST /api/admin/users/019ed0bb-5ca9-7cc4-ad83-66f650909951/lock] [IP: ::1] [Duration: 124ms] Cảnh báo: Yêu cầu không hợp lệ hoặc bị từ chối (403)
[2026-06-16T14:33:51.457Z] [WARN] [User: anonymous] [Action: Luận Giải Kinh Dịch AI] [IP: ::1] [Duration: 2ms] Cảnh báo: Yêu cầu không hợp lệ hoặc bị từ chối (401)
[2026-06-16T14:34:22.608Z] [WARN] [User: test_user@example.com (Test User)] [Action: Luận Giải Kinh Dịch AI] [IP: ::1] [Duration: 121ms] Cảnh báo: Yêu cầu không hợp lệ hoặc bị từ chối (402)
[2026-06-16T14:34:23.912Z] [WARN] [User: test_user@example.com] [Action: Đăng nhập] Đăng nhập thất bại: Tài khoản [test_user@example.com] đang bị khóa.
[2026-06-16T14:34:24.021Z] [WARN] [User: test_user@example.com] [Action: Đăng nhập] [IP: ::1] [Duration: 169ms] Cảnh báo: Yêu cầu không hợp lệ hoặc bị từ chối (403)
[2026-06-16T14:34:25.557Z] [WARN] [User: test_coadmin1@example.com (Test Co-Admin 1)] [Action: POST /api/admin/users/019ed0da-527b-7ba4-8f73-8fb05ea15322/lock] [IP: ::1] [Duration: 121ms] Cảnh báo: Yêu cầu không hợp lệ hoặc bị từ chối (403)
[2026-06-16T14:34:25.692Z] [WARN] [User: test_coadmin1@example.com (Test Co-Admin 1)] [Action: POST /api/admin/users/019ed0da-5229-7aef-b6d4-07228e29aa2f/lock] [IP: ::1] [Duration: 131ms] Cảnh báo: Yêu cầu không hợp lệ hoặc bị từ chối (403)
[2026-06-16T15:27:44.934Z] [WARN] [User: admin@admin.com] [Action: Đăng nhập] Đăng nhập thất bại: Mật khẩu không chính xác cho tài khoản [admin@admin.com].
[2026-06-16T15:27:44.940Z] [WARN] [User: admin@admin.com] [Action: Đăng nhập] [IP: ::1] [Duration: 165ms] Cảnh báo: Yêu cầu không hợp lệ hoặc bị từ chối (400)
[2026-06-16T15:27:45.775Z] [WARN] [User: admin@admin.com] [Action: Đăng nhập] Đăng nhập thất bại: Mật khẩu không chính xác cho tài khoản [admin@admin.com].
[2026-06-16T15:27:45.778Z] [WARN] [User: admin@admin.com] [Action: Đăng nhập] [IP: ::1] [Duration: 172ms] Cảnh báo: Yêu cầu không hợp lệ hoặc bị từ chối (400)
[2026-06-16T15:28:23.828Z] [WARN] [User: cobatuoc10@gmail.com] [Action: Đăng nhập Google] Đăng nhập Google thất bại: Tài khoản [cobatuoc10@gmail.com] đang bị khóa.
[2026-06-16T15:28:23.886Z] [WARN] [User: anonymous] [Action: POST /api/auth/google] [IP: ::1] [Duration: 362ms] Cảnh báo: Yêu cầu không hợp lệ hoặc bị từ chối (403)
[2026-06-16T15:29:30.126Z] [WARN] [User: trinhtuyen270804@gmail.com] [Action: Đăng nhập Google] Đăng nhập Google thất bại: Tài khoản [trinhtuyen270804@gmail.com] đang bị khóa.
[2026-06-16T15:29:30.210Z] [WARN] [User: anonymous] [Action: POST /api/auth/google] [IP: ::1] [Duration: 150ms] Cảnh báo: Yêu cầu không hợp lệ hoặc bị từ chối (403)
